2024-08-12 00:02:05 INFO  c.n.d.s.r.aws.ConfigClusterResolver - Resolving eureka endpoints via configuration
2024-08-12 00:07:05 INFO  c.n.d.s.r.aws.ConfigClusterResolver - Resolving eureka endpoints via configuration
2024-08-12 00:12:05 INFO  c.n.d.s.r.aws.ConfigClusterResolver - Resolving eureka endpoints via configuration
2024-08-12 00:17:05 INFO  c.n.d.s.r.aws.ConfigClusterResolver - Resolving eureka endpoints via configuration
2024-08-12 00:22:05 INFO  c.n.d.s.r.aws.ConfigClusterResolver - Resolving eureka endpoints via configuration
2024-08-12 00:27:05 INFO  c.n.d.s.r.aws.ConfigClusterResolver - Resolving eureka endpoints via configuration
2024-08-12 00:32:05 INFO  c.n.d.s.r.aws.ConfigClusterResolver - Resolving eureka endpoints via configuration
2024-08-12 00:37:05 INFO  c.n.d.s.r.aws.ConfigClusterResolver - Resolving eureka endpoints via configuration
2024-08-12 00:42:05 INFO  c.n.d.s.r.aws.ConfigClusterResolver - Resolving eureka endpoints via configuration
2024-08-12 00:47:05 INFO  c.n.d.s.r.aws.ConfigClusterResolver - Resolving eureka endpoints via configuration
2024-08-12 00:52:05 INFO  c.n.d.s.r.aws.ConfigClusterResolver - Resolving eureka endpoints via configuration
2024-08-12 00:57:05 INFO  c.n.d.s.r.aws.ConfigClusterResolver - Resolving eureka endpoints via configuration
2024-08-12 01:02:05 INFO  c.n.d.s.r.aws.ConfigClusterResolver - Resolving eureka endpoints via configuration
2024-08-12 01:07:05 INFO  c.n.d.s.r.aws.ConfigClusterResolver - Resolving eureka endpoints via configuration
2024-08-12 01:12:05 INFO  c.n.d.s.r.aws.ConfigClusterResolver - Resolving eureka endpoints via configuration
2024-08-12 01:17:08 INFO  c.n.d.s.r.aws.ConfigClusterResolver - Resolving eureka endpoints via configuration
2024-08-12 01:22:08 INFO  c.n.d.s.r.aws.ConfigClusterResolver - Resolving eureka endpoints via configuration
2024-08-12 01:27:08 INFO  c.n.d.s.r.aws.ConfigClusterResolver - Resolving eureka endpoints via configuration
2024-08-12 01:32:08 INFO  c.n.d.s.r.aws.ConfigClusterResolver - Resolving eureka endpoints via configuration
2024-08-12 01:37:08 INFO  c.n.d.s.r.aws.ConfigClusterResolver - Resolving eureka endpoints via configuration
2024-08-12 01:42:08 INFO  c.n.d.s.r.aws.ConfigClusterResolver - Resolving eureka endpoints via configuration
2024-08-12 01:47:08 INFO  c.n.d.s.r.aws.ConfigClusterResolver - Resolving eureka endpoints via configuration
2024-08-12 01:52:08 INFO  c.n.d.s.r.aws.ConfigClusterResolver - Resolving eureka endpoints via configuration
2024-08-12 01:57:08 INFO  c.n.d.s.r.aws.ConfigClusterResolver - Resolving eureka endpoints via configuration
2024-08-12 02:02:08 INFO  c.n.d.s.r.aws.ConfigClusterResolver - Resolving eureka endpoints via configuration
2024-08-12 02:07:09 INFO  c.n.d.s.r.aws.ConfigClusterResolver - Resolving eureka endpoints via configuration
2024-08-12 02:12:09 INFO  c.n.d.s.r.aws.ConfigClusterResolver - Resolving eureka endpoints via configuration
2024-08-12 02:17:09 INFO  c.n.d.s.r.aws.ConfigClusterResolver - Resolving eureka endpoints via configuration
2024-08-12 02:22:09 INFO  c.n.d.s.r.aws.ConfigClusterResolver - Resolving eureka endpoints via configuration
2024-08-12 02:27:09 INFO  c.n.d.s.r.aws.ConfigClusterResolver - Resolving eureka endpoints via configuration
2024-08-12 02:32:09 INFO  c.n.d.s.r.aws.ConfigClusterResolver - Resolving eureka endpoints via configuration
2024-08-12 02:37:09 INFO  c.n.d.s.r.aws.ConfigClusterResolver - Resolving eureka endpoints via configuration
2024-08-12 02:42:09 INFO  c.n.d.s.r.aws.ConfigClusterResolver - Resolving eureka endpoints via configuration
2024-08-12 02:47:09 INFO  c.n.d.s.r.aws.ConfigClusterResolver - Resolving eureka endpoints via configuration
2024-08-12 02:52:09 INFO  c.n.d.s.r.aws.ConfigClusterResolver - Resolving eureka endpoints via configuration
2024-08-12 02:57:09 INFO  c.n.d.s.r.aws.ConfigClusterResolver - Resolving eureka endpoints via configuration
2024-08-12 03:02:09 INFO  c.n.d.s.r.aws.ConfigClusterResolver - Resolving eureka endpoints via configuration
2024-08-12 03:07:09 INFO  c.n.d.s.r.aws.ConfigClusterResolver - Resolving eureka endpoints via configuration
2024-08-12 03:12:09 INFO  c.n.d.s.r.aws.ConfigClusterResolver - Resolving eureka endpoints via configuration
2024-08-12 03:17:09 INFO  c.n.d.s.r.aws.ConfigClusterResolver - Resolving eureka endpoints via configuration
2024-08-12 03:22:09 INFO  c.n.d.s.r.aws.ConfigClusterResolver - Resolving eureka endpoints via configuration
2024-08-12 03:27:09 INFO  c.n.d.s.r.aws.ConfigClusterResolver - Resolving eureka endpoints via configuration
2024-08-12 03:32:09 INFO  c.n.d.s.r.aws.ConfigClusterResolver - Resolving eureka endpoints via configuration
2024-08-12 03:37:09 INFO  c.n.d.s.r.aws.ConfigClusterResolver - Resolving eureka endpoints via configuration
2024-08-12 03:42:09 INFO  c.n.d.s.r.aws.ConfigClusterResolver - Resolving eureka endpoints via configuration
2024-08-12 03:47:09 INFO  c.n.d.s.r.aws.ConfigClusterResolver - Resolving eureka endpoints via configuration
2024-08-12 03:52:09 INFO  c.n.d.s.r.aws.ConfigClusterResolver - Resolving eureka endpoints via configuration
2024-08-12 03:57:09 INFO  c.n.d.s.r.aws.ConfigClusterResolver - Resolving eureka endpoints via configuration
2024-08-12 04:02:09 INFO  c.n.d.s.r.aws.ConfigClusterResolver - Resolving eureka endpoints via configuration
2024-08-12 04:07:09 INFO  c.n.d.s.r.aws.ConfigClusterResolver - Resolving eureka endpoints via configuration
2024-08-12 04:12:09 INFO  c.n.d.s.r.aws.ConfigClusterResolver - Resolving eureka endpoints via configuration
2024-08-12 04:17:09 INFO  c.n.d.s.r.aws.ConfigClusterResolver - Resolving eureka endpoints via configuration
2024-08-12 04:22:09 INFO  c.n.d.s.r.aws.ConfigClusterResolver - Resolving eureka endpoints via configuration
2024-08-12 04:27:09 INFO  c.n.d.s.r.aws.ConfigClusterResolver - Resolving eureka endpoints via configuration
2024-08-12 04:32:09 INFO  c.n.d.s.r.aws.ConfigClusterResolver - Resolving eureka endpoints via configuration
2024-08-12 04:37:09 INFO  c.n.d.s.r.aws.ConfigClusterResolver - Resolving eureka endpoints via configuration
2024-08-12 04:42:09 INFO  c.n.d.s.r.aws.ConfigClusterResolver - Resolving eureka endpoints via configuration
2024-08-12 04:47:09 INFO  c.n.d.s.r.aws.ConfigClusterResolver - Resolving eureka endpoints via configuration
2024-08-12 04:52:09 INFO  c.n.d.s.r.aws.ConfigClusterResolver - Resolving eureka endpoints via configuration
2024-08-12 04:57:09 INFO  c.n.d.s.r.aws.ConfigClusterResolver - Resolving eureka endpoints via configuration
2024-08-12 05:02:09 INFO  c.n.d.s.r.aws.ConfigClusterResolver - Resolving eureka endpoints via configuration
2024-08-12 05:07:09 INFO  c.n.d.s.r.aws.ConfigClusterResolver - Resolving eureka endpoints via configuration
2024-08-12 05:12:09 INFO  c.n.d.s.r.aws.ConfigClusterResolver - Resolving eureka endpoints via configuration
2024-08-12 05:17:09 INFO  c.n.d.s.r.aws.ConfigClusterResolver - Resolving eureka endpoints via configuration
2024-08-12 05:22:09 INFO  c.n.d.s.r.aws.ConfigClusterResolver - Resolving eureka endpoints via configuration
2024-08-12 05:27:09 INFO  c.n.d.s.r.aws.ConfigClusterResolver - Resolving eureka endpoints via configuration
2024-08-12 05:32:09 INFO  c.n.d.s.r.aws.ConfigClusterResolver - Resolving eureka endpoints via configuration
2024-08-12 05:37:09 INFO  c.n.d.s.r.aws.ConfigClusterResolver - Resolving eureka endpoints via configuration
2024-08-12 05:42:09 INFO  c.n.d.s.r.aws.ConfigClusterResolver - Resolving eureka endpoints via configuration
2024-08-12 05:47:09 INFO  c.n.d.s.r.aws.ConfigClusterResolver - Resolving eureka endpoints via configuration
2024-08-12 05:52:09 INFO  c.n.d.s.r.aws.ConfigClusterResolver - Resolving eureka endpoints via configuration
2024-08-12 05:57:09 INFO  c.n.d.s.r.aws.ConfigClusterResolver - Resolving eureka endpoints via configuration
2024-08-12 06:02:09 INFO  c.n.d.s.r.aws.ConfigClusterResolver - Resolving eureka endpoints via configuration
2024-08-12 06:07:09 INFO  c.n.d.s.r.aws.ConfigClusterResolver - Resolving eureka endpoints via configuration
2024-08-12 06:12:09 INFO  c.n.d.s.r.aws.ConfigClusterResolver - Resolving eureka endpoints via configuration
2024-08-12 06:17:09 INFO  c.n.d.s.r.aws.ConfigClusterResolver - Resolving eureka endpoints via configuration
2024-08-12 06:22:09 INFO  c.n.d.s.r.aws.ConfigClusterResolver - Resolving eureka endpoints via configuration
2024-08-12 06:27:09 INFO  c.n.d.s.r.aws.ConfigClusterResolver - Resolving eureka endpoints via configuration
2024-08-12 06:32:09 INFO  c.n.d.s.r.aws.ConfigClusterResolver - Resolving eureka endpoints via configuration
2024-08-12 06:37:09 INFO  c.n.d.s.r.aws.ConfigClusterResolver - Resolving eureka endpoints via configuration
2024-08-12 06:42:09 INFO  c.n.d.s.r.aws.ConfigClusterResolver - Resolving eureka endpoints via configuration
2024-08-12 06:47:09 INFO  c.n.d.s.r.aws.ConfigClusterResolver - Resolving eureka endpoints via configuration
2024-08-12 06:52:09 INFO  c.n.d.s.r.aws.ConfigClusterResolver - Resolving eureka endpoints via configuration
2024-08-12 06:57:09 INFO  c.n.d.s.r.aws.ConfigClusterResolver - Resolving eureka endpoints via configuration
2024-08-12 07:02:09 INFO  c.n.d.s.r.aws.ConfigClusterResolver - Resolving eureka endpoints via configuration
2024-08-12 07:07:09 INFO  c.n.d.s.r.aws.ConfigClusterResolver - Resolving eureka endpoints via configuration
2024-08-12 07:12:09 INFO  c.n.d.s.r.aws.ConfigClusterResolver - Resolving eureka endpoints via configuration
2024-08-12 07:17:09 INFO  c.n.d.s.r.aws.ConfigClusterResolver - Resolving eureka endpoints via configuration
2024-08-12 07:22:09 INFO  c.n.d.s.r.aws.ConfigClusterResolver - Resolving eureka endpoints via configuration
2024-08-12 07:27:09 INFO  c.n.d.s.r.aws.ConfigClusterResolver - Resolving eureka endpoints via configuration
2024-08-12 07:32:09 INFO  c.n.d.s.r.aws.ConfigClusterResolver - Resolving eureka endpoints via configuration
2024-08-12 07:37:09 INFO  c.n.d.s.r.aws.ConfigClusterResolver - Resolving eureka endpoints via configuration
2024-08-12 07:42:09 INFO  c.n.d.s.r.aws.ConfigClusterResolver - Resolving eureka endpoints via configuration
2024-08-12 07:47:09 INFO  c.n.d.s.r.aws.ConfigClusterResolver - Resolving eureka endpoints via configuration
2024-08-12 07:52:09 INFO  c.n.d.s.r.aws.ConfigClusterResolver - Resolving eureka endpoints via configuration
2024-08-12 07:57:09 INFO  c.n.d.s.r.aws.ConfigClusterResolver - Resolving eureka endpoints via configuration
2024-08-12 08:02:09 INFO  c.n.d.s.r.aws.ConfigClusterResolver - Resolving eureka endpoints via configuration
2024-08-12 08:07:09 INFO  c.n.d.s.r.aws.ConfigClusterResolver - Resolving eureka endpoints via configuration
2024-08-12 08:12:09 INFO  c.n.d.s.r.aws.ConfigClusterResolver - Resolving eureka endpoints via configuration
2024-08-12 08:17:09 INFO  c.n.d.s.r.aws.ConfigClusterResolver - Resolving eureka endpoints via configuration
2024-08-12 08:22:09 INFO  c.n.d.s.r.aws.ConfigClusterResolver - Resolving eureka endpoints via configuration
2024-08-12 08:27:09 INFO  c.n.d.s.r.aws.ConfigClusterResolver - Resolving eureka endpoints via configuration
2024-08-12 08:32:09 INFO  c.n.d.s.r.aws.ConfigClusterResolver - Resolving eureka endpoints via configuration
2024-08-12 08:37:09 INFO  c.n.d.s.r.aws.ConfigClusterResolver - Resolving eureka endpoints via configuration
2024-08-12 08:42:09 INFO  c.n.d.s.r.aws.ConfigClusterResolver - Resolving eureka endpoints via configuration
2024-08-12 08:47:09 INFO  c.n.d.s.r.aws.ConfigClusterResolver - Resolving eureka endpoints via configuration
2024-08-12 08:52:09 INFO  c.n.d.s.r.aws.ConfigClusterResolver - Resolving eureka endpoints via configuration
2024-08-12 08:57:09 INFO  c.n.d.s.r.aws.ConfigClusterResolver - Resolving eureka endpoints via configuration
2024-08-12 09:02:09 INFO  c.n.d.s.r.aws.ConfigClusterResolver - Resolving eureka endpoints via configuration
2024-08-12 09:07:09 INFO  c.n.d.s.r.aws.ConfigClusterResolver - Resolving eureka endpoints via configuration
2024-08-12 09:12:09 INFO  c.n.d.s.r.aws.ConfigClusterResolver - Resolving eureka endpoints via configuration
2024-08-12 09:17:09 INFO  c.n.d.s.r.aws.ConfigClusterResolver - Resolving eureka endpoints via configuration
2024-08-12 09:22:09 INFO  c.n.d.s.r.aws.ConfigClusterResolver - Resolving eureka endpoints via configuration
2024-08-12 09:27:09 INFO  c.n.d.s.r.aws.ConfigClusterResolver - Resolving eureka endpoints via configuration
2024-08-12 09:32:09 INFO  c.n.d.s.r.aws.ConfigClusterResolver - Resolving eureka endpoints via configuration
2024-08-12 09:37:09 INFO  c.n.d.s.r.aws.ConfigClusterResolver - Resolving eureka endpoints via configuration
2024-08-12 09:42:09 INFO  c.n.d.s.r.aws.ConfigClusterResolver - Resolving eureka endpoints via configuration
2024-08-12 09:47:09 INFO  c.n.d.s.r.aws.ConfigClusterResolver - Resolving eureka endpoints via configuration
2024-08-12 09:47:21 INFO  o.s.c.n.e.s.EurekaServiceRegistry - Unregistering application ACCOUNTS-SERVICE with eureka with status DOWN
2024-08-12 09:47:21 INFO  c.netflix.discovery.DiscoveryClient - Saw local status change event StatusChangeEvent [timestamp=1723470441972, current=DOWN, previous=UP]
2024-08-12 09:47:21 INFO  c.netflix.discovery.DiscoveryClient - DiscoveryClient_ACCOUNTS-SERVICE/localhost:accounts-service:8000: registering service...
2024-08-12 09:47:21 INFO  c.netflix.discovery.DiscoveryClient - DiscoveryClient_ACCOUNTS-SERVICE/localhost:accounts-service:8000 - registration status: 204
2024-08-12 09:47:21 INFO  o.s.o.j.LocalContainerEntityManagerFactoryBean - Closing JPA EntityManagerFactory for persistence unit 'default'
2024-08-12 09:47:21 INFO  com.zaxxer.hikari.HikariDataSource - HikariPool-1 - Shutdown initiated...
2024-08-12 09:47:22 INFO  com.zaxxer.hikari.HikariDataSource - HikariPool-1 - Shutdown completed.
2024-08-12 09:47:22 INFO  c.netflix.discovery.DiscoveryClient - Shutting down DiscoveryClient ...
2024-08-12 09:47:25 WARN  c.n.discovery.TimedSupervisorTask - task supervisor shutting down, can't accept the task
2024-08-12 09:47:25 INFO  c.netflix.discovery.DiscoveryClient - Unregistering ...
2024-08-12 09:47:25 INFO  c.netflix.discovery.DiscoveryClient - DiscoveryClient_ACCOUNTS-SERVICE/localhost:accounts-service:8000 - deregister  status: 200
2024-08-12 09:47:25 INFO  c.netflix.discovery.DiscoveryClient - Completed shut down of DiscoveryClient
2024-08-12 09:47:43 INFO  o.h.validator.internal.util.Version - HV000001: Hibernate Validator 8.0.1.Final
2024-08-12 09:47:43 INFO  c.s.a.a.AccountsServiceApplication - Starting AccountsServiceApplication using Java 21.0.1 with PID 58120 (C:\Users\excod\Desktop\Accounts_Microservice\accountsservice\accounts-service\target\classes started by excod in C:\Users\excod\Desktop\Accounts_Microservice\accountsservice)
2024-08-12 09:47:43 INFO  c.s.a.a.AccountsServiceApplication - The following 1 profile is active: "default"
2024-08-12 09:47:43 INFO  o.s.b.d.e.DevToolsPropertyDefaultsPostProcessor - Devtools property defaults active! Set 'spring.devtools.add-properties' to 'false' to disable
2024-08-12 09:47:43 INFO  o.s.b.d.e.DevToolsPropertyDefaultsPostProcessor - For additional web related logging consider setting the 'logging.level.web' property to 'DEBUG'
2024-08-12 09:47:44 INFO  o.s.d.r.c.RepositoryConfigurationDelegate - Bootstrapping Spring Data JPA repositories in DEFAULT mode.
2024-08-12 09:47:45 INFO  o.s.d.r.c.RepositoryConfigurationDelegate - Finished Spring Data repository scanning in 166 ms. Found 3 JPA repository interfaces.
2024-08-12 09:47:45 INFO  o.s.cloud.context.scope.GenericScope - BeanFactory id=8b4686b9-8224-32fc-ad49-98cdba6bad3b
2024-08-12 09:47:46 INFO  o.s.b.w.e.tomcat.TomcatWebServer - Tomcat initialized with port(s): 8000 (http)
2024-08-12 09:47:46 INFO  o.a.coyote.http11.Http11NioProtocol - Initializing ProtocolHandler ["http-nio-8000"]
2024-08-12 09:47:46 INFO  o.a.catalina.core.StandardService - Starting service [Tomcat]
2024-08-12 09:47:46 INFO  o.a.catalina.core.StandardEngine - Starting Servlet engine: [Apache Tomcat/10.1.11]
2024-08-12 09:47:46 INFO  o.a.c.c.C.[Tomcat].[localhost].[/] - Initializing Spring embedded WebApplicationContext
2024-08-12 09:47:46 INFO  o.s.b.w.s.c.ServletWebServerApplicationContext - Root WebApplicationContext: initialization completed in 2506 ms
2024-08-12 09:47:46 INFO  com.zaxxer.hikari.HikariDataSource - HikariPool-1 - Starting...
2024-08-12 09:47:46 INFO  com.zaxxer.hikari.pool.HikariPool - HikariPool-1 - Added connection org.postgresql.jdbc.PgConnection@39bf9b0d
2024-08-12 09:47:46 INFO  com.zaxxer.hikari.HikariDataSource - HikariPool-1 - Start completed.
2024-08-12 09:47:46 INFO  o.s.b.a.h.H2ConsoleAutoConfiguration - H2 console available at '/h2-console'. Database available at 'jdbc:postgresql://localhost:5432/AccountsService'
2024-08-12 09:47:47 INFO  o.h.jpa.internal.util.LogHelper - HHH000204: Processing PersistenceUnitInfo [name: default]
2024-08-12 09:47:47 INFO  org.hibernate.Version - HHH000412: Hibernate ORM core version 6.2.6.Final
2024-08-12 09:47:47 INFO  org.hibernate.cfg.Environment - HHH000406: Using bytecode reflection optimizer
2024-08-12 09:47:47 INFO  o.h.b.i.BytecodeProviderInitiator - HHH000021: Bytecode provider name : bytebuddy
2024-08-12 09:47:48 INFO  o.s.o.j.p.SpringPersistenceUnitInfo - No LoadTimeWeaver setup: ignoring JPA class transformer
2024-08-12 09:47:48 INFO  o.h.b.i.BytecodeProviderInitiator - HHH000021: Bytecode provider name : bytebuddy
2024-08-12 09:47:48 INFO  o.h.e.t.j.p.i.JtaPlatformInitiator - HHH000490: Using JtaPlatform implementation: [org.hibernate.engine.transaction.jta.platform.internal.NoJtaPlatform]
2024-08-12 09:47:49 INFO  o.s.o.j.LocalContainerEntityManagerFactoryBean - Initialized JPA EntityManagerFactory for persistence unit 'default'
2024-08-12 09:47:49 INFO  o.s.d.j.r.query.QueryEnhancerFactory - Hibernate is in classpath; If applicable, HQL parser will be used.
2024-08-12 09:47:50 WARN  o.s.b.a.o.j.JpaBaseConfiguration$JpaWebConfiguration - spring.jpa.open-in-view is enabled by default. Therefore, database queries may be performed during view rendering. Explicitly configure spring.jpa.open-in-view to disable this warning
2024-08-12 09:47:50 INFO  o.s.s.web.DefaultSecurityFilterChain - Will secure any request with [org.springframework.security.web.session.DisableEncodeUrlFilter@6c6abbbb, org.springframework.security.web.context.request.async.WebAsyncManagerIntegrationFilter@730bb1a9, org.springframework.security.web.context.SecurityContextHolderFilter@75a91f22, org.springframework.security.web.header.HeaderWriterFilter@56714d09, org.springframework.security.web.authentication.logout.LogoutFilter@6784a854, com.secure_sentinel.accounts.accounts_service.security.JwtAuthenticationFilter@627fb4ca, org.springframework.security.web.savedrequest.RequestCacheAwareFilter@24d17025, org.springframework.security.web.servletapi.SecurityContextHolderAwareRequestFilter@76414a5a, org.springframework.security.web.authentication.AnonymousAuthenticationFilter@161c8299, org.springframework.security.web.session.SessionManagementFilter@41811d14, org.springframework.security.web.access.ExceptionTranslationFilter@38e4d6d4, org.springframework.security.web.access.intercept.AuthorizationFilter@153149e6]
2024-08-12 09:47:51 INFO  o.s.cloud.commons.util.InetUtils - Cannot determine local hostname
2024-08-12 09:47:52 INFO  o.s.b.d.a.OptionalLiveReloadServer - LiveReload server is running on port 35729
2024-08-12 09:47:53 INFO  o.s.cloud.commons.util.InetUtils - Cannot determine local hostname
2024-08-12 09:47:53 INFO  o.s.c.n.e.c.DiscoveryClientOptionalArgsConfiguration - Eureka HTTP Client uses RestTemplate.
2024-08-12 09:47:53 WARN  o.s.c.l.c.LoadBalancerCacheAutoConfiguration$LoadBalancerCaffeineWarnLogger - Spring Cloud LoadBalancer is currently working with the default cache. While this cache implementation is useful for development and tests, it's recommended to use Caffeine cache in production.You can switch to using Caffeine cache, by adding it and org.springframework.cache.caffeine.CaffeineCacheManager to the classpath.
2024-08-12 09:47:53 INFO  o.s.b.a.e.web.EndpointLinksResolver - Exposing 3 endpoint(s) beneath base path '/actuator'
2024-08-12 09:47:53 INFO  o.s.c.n.eureka.InstanceInfoFactory - Setting initial instance status as: STARTING
2024-08-12 09:47:53 INFO  c.netflix.discovery.DiscoveryClient - Initializing Eureka in region us-east-1
2024-08-12 09:47:53 INFO  c.n.d.s.r.aws.ConfigClusterResolver - Resolving eureka endpoints via configuration
2024-08-12 09:47:53 INFO  c.netflix.discovery.DiscoveryClient - Disable delta property : false
2024-08-12 09:47:53 INFO  c.netflix.discovery.DiscoveryClient - Single vip registry refresh property : null
2024-08-12 09:47:53 INFO  c.netflix.discovery.DiscoveryClient - Force full registry fetch : false
2024-08-12 09:47:53 INFO  c.netflix.discovery.DiscoveryClient - Application is null : false
2024-08-12 09:47:53 INFO  c.netflix.discovery.DiscoveryClient - Registered Applications size is zero : true
2024-08-12 09:47:53 INFO  c.netflix.discovery.DiscoveryClient - Application version is -1: true
2024-08-12 09:47:53 INFO  c.netflix.discovery.DiscoveryClient - Getting all instance registry info from the eureka server
2024-08-12 09:47:53 INFO  c.netflix.discovery.DiscoveryClient - The response status is 200
2024-08-12 09:47:53 INFO  c.netflix.discovery.DiscoveryClient - Starting heartbeat executor: renew interval is: 30
2024-08-12 09:47:53 INFO  c.n.discovery.InstanceInfoReplicator - InstanceInfoReplicator onDemand update allowed rate per min is 4
2024-08-12 09:47:53 INFO  c.netflix.discovery.DiscoveryClient - Discovery Client initialized at timestamp 1723470473727 with initial instances count: 5
2024-08-12 09:47:53 INFO  o.s.c.n.e.s.EurekaServiceRegistry - Registering application ACCOUNTS-SERVICE with eureka with status UP
2024-08-12 09:47:53 INFO  c.netflix.discovery.DiscoveryClient - Saw local status change event StatusChangeEvent [timestamp=1723470473731, current=UP, previous=STARTING]
2024-08-12 09:47:53 INFO  c.netflix.discovery.DiscoveryClient - DiscoveryClient_ACCOUNTS-SERVICE/localhost:accounts-service:8000: registering service...
2024-08-12 09:47:53 INFO  o.a.coyote.http11.Http11NioProtocol - Starting ProtocolHandler ["http-nio-8000"]
2024-08-12 09:47:53 INFO  o.s.b.w.e.tomcat.TomcatWebServer - Tomcat started on port(s): 8000 (http) with context path ''
2024-08-12 09:47:53 INFO  o.s.c.n.e.s.EurekaAutoServiceRegistration - Updating port to 8000
2024-08-12 09:47:53 INFO  c.netflix.discovery.DiscoveryClient - DiscoveryClient_ACCOUNTS-SERVICE/localhost:accounts-service:8000 - registration status: 204
2024-08-12 09:47:54 INFO  o.s.cloud.commons.util.InetUtils - Cannot determine local hostname
2024-08-12 09:47:54 INFO  c.s.a.a.AccountsServiceApplication - Started AccountsServiceApplication in 12.642 seconds (process running for 13.295)
2024-08-12 09:52:53 INFO  c.n.d.s.r.aws.ConfigClusterResolver - Resolving eureka endpoints via configuration
2024-08-12 09:57:53 INFO  c.n.d.s.r.aws.ConfigClusterResolver - Resolving eureka endpoints via configuration
2024-08-12 10:02:53 INFO  c.n.d.s.r.aws.ConfigClusterResolver - Resolving eureka endpoints via configuration
2024-08-12 10:07:53 INFO  c.n.d.s.r.aws.ConfigClusterResolver - Resolving eureka endpoints via configuration
2024-08-12 10:12:53 INFO  c.n.d.s.r.aws.ConfigClusterResolver - Resolving eureka endpoints via configuration
2024-08-12 10:17:53 INFO  c.n.d.s.r.aws.ConfigClusterResolver - Resolving eureka endpoints via configuration
2024-08-12 10:22:53 INFO  c.n.d.s.r.aws.ConfigClusterResolver - Resolving eureka endpoints via configuration
2024-08-12 10:27:53 INFO  c.n.d.s.r.aws.ConfigClusterResolver - Resolving eureka endpoints via configuration
2024-08-12 10:32:53 INFO  c.n.d.s.r.aws.ConfigClusterResolver - Resolving eureka endpoints via configuration
2024-08-12 10:37:53 INFO  c.n.d.s.r.aws.ConfigClusterResolver - Resolving eureka endpoints via configuration
2024-08-12 10:42:29 INFO  o.s.c.n.e.s.EurekaServiceRegistry - Unregistering application ACCOUNTS-SERVICE with eureka with status DOWN
2024-08-12 10:42:29 INFO  c.netflix.discovery.DiscoveryClient - Saw local status change event StatusChangeEvent [timestamp=1723473749901, current=DOWN, previous=UP]
2024-08-12 10:42:29 INFO  c.netflix.discovery.DiscoveryClient - DiscoveryClient_ACCOUNTS-SERVICE/localhost:accounts-service:8000: registering service...
2024-08-12 10:42:29 INFO  c.netflix.discovery.DiscoveryClient - DiscoveryClient_ACCOUNTS-SERVICE/localhost:accounts-service:8000 - registration status: 204
2024-08-12 10:42:29 INFO  o.s.o.j.LocalContainerEntityManagerFactoryBean - Closing JPA EntityManagerFactory for persistence unit 'default'
2024-08-12 10:42:29 INFO  com.zaxxer.hikari.HikariDataSource - HikariPool-1 - Shutdown initiated...
2024-08-12 10:42:29 INFO  com.zaxxer.hikari.HikariDataSource - HikariPool-1 - Shutdown completed.
2024-08-12 10:42:29 INFO  c.netflix.discovery.DiscoveryClient - Shutting down DiscoveryClient ...
2024-08-12 10:42:32 INFO  c.netflix.discovery.DiscoveryClient - Unregistering ...
2024-08-12 10:42:32 INFO  c.netflix.discovery.DiscoveryClient - DiscoveryClient_ACCOUNTS-SERVICE/localhost:accounts-service:8000 - deregister  status: 200
2024-08-12 10:42:32 INFO  c.netflix.discovery.DiscoveryClient - Completed shut down of DiscoveryClient
